0 info it worked if it ends with ok
1 verbose cli [ '/home/kelsey/.nvm/versions/node/v5.0.0/bin/node',
1 verbose cli   '/home/kelsey/.nvm/versions/node/v5.0.0/bin/npm',
1 verbose cli   'run',
1 verbose cli   'webpack-dev-server',
1 verbose cli   '--content-base',
1 verbose cli   'src',
1 verbose cli   '--inline',
1 verbose cli   '--hot' ]
2 info using npm@3.3.6
3 info using node@v5.0.0
4 verbose stack Error: missing script: webpack-dev-server
4 verbose stack     at run (/home/kelsey/.nvm/versions/node/v5.0.0/lib/node_modules/npm/lib/run-script.js:148:19)
4 verbose stack     at /home/kelsey/.nvm/versions/node/v5.0.0/lib/node_modules/npm/lib/run-script.js:58:5
4 verbose stack     at /home/kelsey/.nvm/versions/node/v5.0.0/lib/node_modules/npm/node_modules/read-package-json/read-json.js:345:5
4 verbose stack     at checkBinReferences_ (/home/kelsey/.nvm/versions/node/v5.0.0/lib/node_modules/npm/node_modules/read-package-json/read-json.js:309:45)
4 verbose stack     at final (/home/kelsey/.nvm/versions/node/v5.0.0/lib/node_modules/npm/node_modules/read-package-json/read-json.js:343:3)
4 verbose stack     at then (/home/kelsey/.nvm/versions/node/v5.0.0/lib/node_modules/npm/node_modules/read-package-json/read-json.js:113:5)
4 verbose stack     at ReadFileContext.<anonymous> (/home/kelsey/.nvm/versions/node/v5.0.0/lib/node_modules/npm/node_modules/read-package-json/read-json.js:284:20)
4 verbose stack     at ReadFileContext.callback (/home/kelsey/.nvm/versions/node/v5.0.0/lib/node_modules/npm/node_modules/graceful-fs/graceful-fs.js:76:16)
4 verbose stack     at FSReqWrap.readFileAfterOpen [as oncomplete] (fs.js:324:13)
5 verbose cwd /home/kelsey/cs_learning/1makerspace
6 error Linux 3.19.0-61-generic
7 error argv "/home/kelsey/.nvm/versions/node/v5.0.0/bin/node" "/home/kelsey/.nvm/versions/node/v5.0.0/bin/npm" "run" "webpack-dev-server" "--content-base" "src" "--inline" "--hot"
8 error node v5.0.0
9 error npm  v3.3.6
10 error missing script: webpack-dev-server
11 error If you need help, you may report this error at:
11 error     <https://github.com/npm/npm/issues>
12 verbose exit [ 1, true ]
